#
# There is insufficient memory for the Java Runtime Environment to continue.
# Native memory allocation (mmap) failed to map 2147483648 bytes. Error detail: G1 virtual space
# Possible reasons:
#   The system is out of physical RAM or swap space
#   This process is running with CompressedOops enabled, and the Java Heap may be blocking the growth of the native heap
# Possible solutions:
#   Reduce memory load on the system
#   Increase physical memory or swap space
#   Check if swap backing store is full
#   Decrease Java heap size (-Xmx/-Xms)
#   Decrease number of Java threads
#   Decrease Java thread stack sizes (-Xss)
#   Set larger code cache with -XX:ReservedCodeCacheSize=
#   JVM is running with Zero Based Compressed Oops mode in which the Java heap is
#     placed in the first 32GB address space. The Java Heap base address is the
#     maximum limit for the native heap growth. Please use -XX:HeapBaseMinAddress
#     to set the Java Heap base and to place the Java Heap above 32GB virtual address.
# This output file may be truncated or incomplete.
#
#  Out of Memory Error (os_windows.cpp:3713), pid=22808, tid=7908
#
# JRE version:  (21.0.8+9) (build )
# Java VM: OpenJDK 64-Bit Server VM (21.0.8+9-LTS, mixed mode, sharing, tiered, compressed oops, compressed class ptrs, g1 gc, windows-amd64)
# No core dump will be written. Minidumps are not enabled by default on client versions of Windows
#

---------------  S U M M A R Y ------------

Command Line: -Xmx4G -Xms2G server.jar nogui

Host: 11th Gen Intel(R) Core(TM) i5-11400H @ 2.70GHz, 12 cores, 15G,  Windows 11 , 64 bit Build 26100 (10.0.26100.5074)
Time: Fri Sep 19 20:30:11 2025 elapsed time: 1.192347 seconds (0d 0h 0m 1s)

---------------  T H R E A D  ---------------

Current thread (0x00000247afafd2b0):  JavaThread "Unknown thread" [_thread_in_vm, id=7908, stack(0x000000cd06900000,0x000000cd06a00000) (1024K)]

Stack: [0x000000cd06900000,0x000000cd06a00000]
Native frames: (J=compiled Java code, j=interpreted, Vv=VM code, C=native code)
V  [jvm.dll+0x6d2449]
V  [jvm.dll+0x8ae341]
V  [jvm.dll+0x8b08be]
V  [jvm.dll+0x8b0fa3]
V  [jvm.dll+0x280c96]
V  [jvm.dll+0x6cec15]
V  [jvm.dll+0x6c2c3a]
V  [jvm.dll+0x35867a]
V  [jvm.dll+0x360246]
V  [jvm.dll+0x3b1f9e]
V  [jvm.dll+0x3b2248]
V  [jvm.dll+0x32c8fc]
V  [jvm.dll+0x32d45b]
V  [jvm.dll+0x8775d9]
V  [jvm.dll+0x3bed71]
V  [jvm.dll+0x8605d3]
V  [jvm.dll+0x4530ee]
V  [jvm.dll+0x454d31]
C  [jli.dll+0x5278]
C  [ucrtbase.dll+0x37b0]
C  [KERNEL32.DLL+0x2e8d7]
C  [ntdll.dll+0x8d9c]


---------------  P R O C E S S  ---------------

Threads class SMR info:
_java_thread_list=0x00007ffc31eb11c8, length=0, elements={
}

Java Threads: ( => current thread )
Total: 0

Other Threads:
  0x00000247b1f9e620 WorkerThread "GC Thread#0"                     [id=12804, stack(0x000000cd06a00000,0x000000cd06b00000) (1024K)]
  0x00000247b1faf600 ConcurrentGCThread "G1 Main Marker"            [id=15888, stack(0x000000cd06b00000,0x000000cd06c00000) (1024K)]
  0x00000247b1fb0f80 WorkerThread "G1 Conc#0"                       [id=9440, stack(0x000000cd06c00000,0x000000cd06d00000) (1024K)]

[error occurred during error reporting (printing all threads), id 0xc0000005, EXCEPTION_ACCESS_VIOLATION (0xc0000005) at pc=0x00007ffc315af137]
VM state: not at safepoint (not fully initialized)

VM Mutex/Monitor currently owned by a thread:  ([mutex/lock_event])
[0x00007ffc31f25558] Heap_lock - owner thread: 0x00000247afafd2b0

Heap address: 0x0000000700000000, size: 4096 MB, Compressed Oops mode: Zero based, Oop shift amount: 3

CDS archive(s) mapped at: [0x0000000000000000-0x0000000000000000-0x0000000000000000), size 0, SharedBaseAddress: 0x0000000800000000, ArchiveRelocationMode: 1.
Narrow klass base: 0x0000000000000000, Narrow klass shift: 0, Narrow klass range: 0x0

GC Precious Log:
 CardTable entry size: 512
 Card Set container configuration: InlinePtr #cards 4 size 8 Array Of Cards #cards 16 size 48 Howl #buckets 8 coarsen threshold 3686 Howl Bitmap #cards 512 size 80 coarsen threshold 460 Card regions per heap region 1 cards per card region 4096

Heap:
 garbage-first heap   total 0K, used 0K [0x0000000700000000, 0x0000000800000000)
  region size 2048K, 0 young (0K), 0 survivors (0K)

[error occurred during error reporting (printing heap information), id 0xc0000005, EXCEPTION_ACCESS_VIOLATION (0xc0000005) at pc=0x00007ffc3199bba9]
GC Heap History (0 events):
No events

Dll operation events (1 events):
Event: 0.008 Loaded shared library C:\Program Files\Eclipse Adoptium\jdk-21.0.8.9-hotspot\bin\java.dll

Deoptimization events (0 events):
No events

Classes loaded (0 events):
No events

Classes unloaded (0 events):
No events

Classes redefined (0 events):
No events

Internal exceptions (0 events):
No events

ZGC Phase Switch (0 events):
No events

VM Operations (0 events):
No events

Memory protections (0 events):
No events

Nmethod flushes (0 events):
No events

Events (0 events):
No events


Dynamic libraries:
0x00007ff613460000 - 0x00007ff61346e000 	C:\Program Files\Eclipse Adoptium\jdk-21.0.8.9-hotspot\bin\java.exe
0x00007ffcbb9a0000 - 0x00007ffcbbc09000 	C:\WINDOWS\SYSTEM32\ntdll.dll
0x00007ffcbb1a0000 - 0x00007ffcbb269000 	C:\WINDOWS\System32\KERNEL32.DLL
0x00007ffcb8c10000 - 0x00007ffcb9003000 	C:\WINDOWS\System32\KERNELBASE.dll
0x00007ffcb9190000 - 0x00007ffcb92db000 	C:\WINDOWS\System32\ucrtbase.dll
0x00007ffc9d8a0000 - 0x00007ffc9d8be000 	C:\Program Files\Eclipse Adoptium\jdk-21.0.8.9-hotspot\bin\VCRUNTIME140.dll
0x00007ffc92380000 - 0x00007ffc92398000 	C:\Program Files\Eclipse Adoptium\jdk-21.0.8.9-hotspot\bin\jli.dll
0x00007ffcbaf20000 - 0x00007ffcbb0e4000 	C:\WINDOWS\System32\USER32.dll
0x00007ffcb8b30000 - 0x00007ffcb8b57000 	C:\WINDOWS\System32\win32u.dll
0x00007ffcbb570000 - 0x00007ffcbb59b000 	C:\WINDOWS\System32\GDI32.dll
0x00007ffc999b0000 - 0x00007ffc99c43000 	C:\WINDOWS\WinSxS\amd64_microsoft.windows.common-controls_6595b64144ccf1df_6.0.26100.5074_none_3e0d6f78e32fd63f\COMCTL32.dll
0x00007ffcbb0f0000 - 0x00007ffcbb199000 	C:\WINDOWS\System32\msvcrt.dll
0x00007ffcb92e0000 - 0x00007ffcb940d000 	C:\WINDOWS\System32\gdi32full.dll
0x00007ffcb8b60000 - 0x00007ffcb8c03000 	C:\WINDOWS\System32\msvcp_win.dll
0x00007ffcbab60000 - 0x00007ffcbab8f000 	C:\WINDOWS\System32\IMM32.DLL
0x00007ffca3e50000 - 0x00007ffca3e5c000 	C:\Program Files\Eclipse Adoptium\jdk-21.0.8.9-hotspot\bin\vcruntime140_1.dll
0x00007ffc6b5c0000 - 0x00007ffc6b64d000 	C:\Program Files\Eclipse Adoptium\jdk-21.0.8.9-hotspot\bin\msvcp140.dll
0x00007ffc31270000 - 0x00007ffc32007000 	C:\Program Files\Eclipse Adoptium\jdk-21.0.8.9-hotspot\bin\server\jvm.dll
0x00007ffcbb5a0000 - 0x00007ffcbb654000 	C:\WINDOWS\System32\ADVAPI32.dll
0x00007ffcb9c80000 - 0x00007ffcb9d26000 	C:\WINDOWS\System32\sechost.dll
0x00007ffcbaa10000 - 0x00007ffcbab28000 	C:\WINDOWS\System32\RPCRT4.dll
0x00007ffcb9c00000 - 0x00007ffcb9c74000 	C:\WINDOWS\System32\WS2_32.dll
0x00007ffcb7730000 - 0x00007ffcb778e000 	C:\WINDOWS\SYSTEM32\POWRPROF.dll
0x00007ffcac9e0000 - 0x00007ffcaca15000 	C:\WINDOWS\SYSTEM32\WINMM.dll
0x00007ffcae0e0000 - 0x00007ffcae0eb000 	C:\WINDOWS\SYSTEM32\VERSION.dll
0x00007ffcb7710000 - 0x00007ffcb7724000 	C:\WINDOWS\SYSTEM32\UMPDC.dll
0x00007ffcb79f0000 - 0x00007ffcb7a0b000 	C:\WINDOWS\SYSTEM32\kernel.appcore.dll
0x00007ffca3ca0000 - 0x00007ffca3caa000 	C:\Program Files\Eclipse Adoptium\jdk-21.0.8.9-hotspot\bin\jimage.dll
0x00007ffcb5de0000 - 0x00007ffcb6022000 	C:\WINDOWS\SYSTEM32\DBGHELP.DLL
0x00007ffcbaba0000 - 0x00007ffcbaf1b000 	C:\WINDOWS\System32\combase.dll
0x00007ffcbb420000 - 0x00007ffcbb4f7000 	C:\WINDOWS\System32\OLEAUT32.dll
0x00007ffcad940000 - 0x00007ffcad97d000 	C:\WINDOWS\SYSTEM32\dbgcore.DLL
0x00007ffcb96d0000 - 0x00007ffcb9769000 	C:\WINDOWS\System32\bcryptPrimitives.dll
0x00007ffc8f5b0000 - 0x00007ffc8f5cf000 	C:\Program Files\Eclipse Adoptium\jdk-21.0.8.9-hotspot\bin\java.dll

JVMTI agents: none

dbghelp: loaded successfully - version: 4.0.5 - missing functions: none
symbol engine: initialized successfully - sym options: 0x614 - pdb path: .;C:\Program Files\Eclipse Adoptium\jdk-21.0.8.9-hotspot\bin;C:\WINDOWS\SYSTEM32;C:\WINDOWS\WinSxS\amd64_microsoft.windows.common-controls_6595b64144ccf1df_6.0.26100.5074_none_3e0d6f78e32fd63f;C:\Program Files\Eclipse Adoptium\jdk-21.0.8.9-hotspot\bin\server

VM Arguments:
jvm_args: -Xmx4G -Xms2G 
java_command: server.jar nogui
java_class_path (initial): server.jar
Launcher Type: SUN_STANDARD

[Global flags]
     intx CICompilerCount                          = 4                                         {product} {ergonomic}
     uint ConcGCThreads                            = 3                                         {product} {ergonomic}
     uint G1ConcRefinementThreads                  = 10                                        {product} {ergonomic}
   size_t G1HeapRegionSize                         = 2097152                                   {product} {ergonomic}
    uintx GCDrainStackTargetSize                   = 64                                        {product} {ergonomic}
   size_t InitialHeapSize                          = 2147483648                                {product} {command line}
   size_t MarkStackSize                            = 4194304                                   {product} {ergonomic}
   size_t MaxHeapSize                              = 4294967296                                {product} {command line}
   size_t MinHeapDeltaBytes                        = 2097152                                   {product} {ergonomic}
   size_t MinHeapSize                              = 2147483648                                {product} {command line}
    uintx NonNMethodCodeHeapSize                   = 5839372                                {pd product} {ergonomic}
    uintx NonProfiledCodeHeapSize                  = 122909434                              {pd product} {ergonomic}
    uintx ProfiledCodeHeapSize                     = 122909434                              {pd product} {ergonomic}
    uintx ReservedCodeCacheSize                    = 251658240                              {pd product} {ergonomic}
     bool SegmentedCodeCache                       = true                                      {product} {ergonomic}
   size_t SoftMaxHeapSize                          = 4294967296                             {manageable} {ergonomic}
     bool UseCompressedOops                        = true                           {product lp64_product} {ergonomic}
     bool UseG1GC                                  = true                                      {product} {ergonomic}
     bool UseLargePagesIndividualAllocation        = false                                  {pd product} {ergonomic}

Logging:
Log output configuration:
 #0: stdout all=warning uptime,level,tags foldmultilines=false
 #1: stderr all=off uptime,level,tags foldmultilines=false

Environment Variables:
JAVA_HOME=C:\Program Files\Eclipse Adoptium\jdk-21.0.8.9-hotspot\
PATH=C:\Program Files\Eclipse Adoptium\jdk-21.0.8.9-hotspot\bin;C:\Program Files\Eclipse Adoptium\jdk-17.0.1.12-hotspot\bin;C:\Program Files (x86)\Common Files\Oracle\Java\javapath;C:\WINDOWS\system32;C:\WINDOWS;C:\WINDOWS\System32\Wbem;C:\WINDOWS\System32\WindowsPowerShell\v1.0\;C:\WINDOWS\System32\OpenSSH\;C:\Program Files\dotnet\;C:\Program Files (x86)\Windows Kits\10\Windows Performance Toolkit\;C:\Program Files\Git\cmd;C:\Users\bbblu\AppData\Local\Programs\Python\Python313\Scripts\;C:\Users\bbblu\AppData\Local\Programs\Python\Python313\;C:\Users\bbblu\AppData\Local\Programs\Python\Launcher\;C:\Users\bbblu\AppData\Local\Microsoft\WindowsApps;C:\Program Files\JetBrains\IntelliJ IDEA Community Edition 2025.2.1\bin;C:\Users\bbblu\.dotnet\tools
USERNAME=bbblu
OS=Windows_NT
PROCESSOR_IDENTIFIER=Intel64 Family 6 Model 141 Stepping 1, GenuineIntel
TMP=C:\Users\bbblu\AppData\Local\Temp
TEMP=C:\Users\bbblu\AppData\Local\Temp




Periodic native trim disabled

---------------  S Y S T E M  ---------------

OS:
 Windows 11 , 64 bit Build 26100 (10.0.26100.5074)
OS uptime: 5 days 0:45 hours
Hyper-V role detected

CPU: total 12 (initial active 12) (6 cores per cpu, 2 threads per core) family 6 model 141 stepping 1 microcode 0x34, cx8, cmov, fxsr, ht, mmx, 3dnowpref, sse, sse2, sse3, ssse3, sse4.1, sse4.2, popcnt, lzcnt, tsc, tscinvbit, avx, avx2, aes, erms, clmul, bmi1, bmi2, adx, avx512f, avx512dq, avx512cd, avx512bw, avx512vl, sha, fma, vzeroupper, avx512_vpopcntdq, avx512_vpclmulqdq, avx512_vaes, avx512_vnni, clflush, clflushopt, clwb, avx512_vbmi2, avx512_vbmi, hv, rdtscp, rdpid, fsrm, gfni, avx512_bitalg, f16c, cet_ibt, cet_ss, avx512_ifma
Processor Information for the first 12 processors :
  Max Mhz: 2688, Current Mhz: 2688, Mhz Limit: 2688

Memory: 4k page, system-wide physical 16122M (1193M free)
TotalPageFile size 24318M (AvailPageFile size 625M)
current process WorkingSet (physical memory assigned to process): 13M, peak: 13M
current process commit charge ("private bytes"): 64M, peak: 2112M

vm_info: OpenJDK 64-Bit Server VM (21.0.8+9-LTS) for windows-amd64 JRE (21.0.8+9-LTS), built on 2025-07-15T00:00:00Z by "admin" with MS VC++ 17.7 (VS2022)

END.
